<?xml version="1.0" encoding="UTF-8"?>
<!-- Generated by org.testng.reporters.JUnitReportReporter -->
<testsuite hostname="Deleex-PC" failures="0" tests="1" name="testNG_Demo.Adding" time="0.014" errors="0" timestamp="2020-11-13T23:55:38 EST" skipped="0">
  <testcase classname="testNG_Demo.Adding" name="subtraction" time="0.014"/>
  <system-out/>
</testsuite> <!-- testNG_Demo.Adding -->
